<?xml version="1.0" encoding="UTF-8"?>
<!-- Generated by org.testng.reporters.JUnitReportReporter -->
<testsuite hostname="DESKTOP-6FMFD63" failures="0" tests="1" name="Bizgaze.Pre_Requisites" time="0.007" errors="0" timestamp="2021-10-25T18:05:48 IST" skipped="0">
  <testcase classname="Bizgaze.Pre_Requisites" name="newem" time="0.007"/>
  <system-out/>
</testsuite> <!-- Bizgaze.Pre_Requisites -->
